<?xml version="1.0" encoding="UTF-8"?>
<robot generator="Robot 5.0.1 (Python 3.7.0 on win32)" generated="20220825 12:51:06.141" rpa="false" schemaversion="3">
<suite id="s1" name="Scenario" source="E:\Programs\Informatics\Github\automated-todolist\Tests\TestCases\scenario.robot">
<test id="s1-t1" name="Add Task" line="10">
<kw name="Open Todolist" library="steps">
<kw name="Open Browser" library="SeleniumLibrary">
<arg>@{CHROME BROWSER}</arg>
<doc>Opens a new browser instance to the optional ``url``.</doc>
<msg timestamp="20220825 12:51:06.412" level="INFO">Opening browser 'chrome' to base url 'https://jennstirpe.github.io/todo-app/'.</msg>
<status status="PASS" starttime="20220825 12:51:06.412" endtime="20220825 12:51:10.926"/>
</kw>
<kw name="Maximize Browser Window" library="SeleniumLibrary">
<doc>Maximizes current browser window.</doc>
<status status="PASS" starttime="20220825 12:51:10.926" endtime="20220825 12:51:11.059"/>
</kw>
<status status="PASS" starttime="20220825 12:51:06.411" endtime="20220825 12:51:11.060"/>
</kw>
<kw name="Type Task" library="steps">
<kw name="Click Element" library="SeleniumLibrary">
<arg>${INPUT BOX}</arg>
<doc>Click the element identified by ``locator``.</doc>
<msg timestamp="20220825 12:51:11.062" level="INFO">Clicking element 'xpath=//input[@placeholder='Create a new todo...']'.</msg>
<status status="PASS" starttime="20220825 12:51:11.061" endtime="20220825 12:51:11.100"/>
</kw>
<kw name="Input Text" library="SeleniumLibrary">
<arg>@{INPUT SINGLE TASK}</arg>
<doc>Types the given ``text`` into the text field identified by ``locator``.</doc>
<msg timestamp="20220825 12:51:11.101" level="INFO">Typing text 'open website' into text field 'xpath=//input[@placeholder='Create a new todo...']'.</msg>
<status status="PASS" starttime="20220825 12:51:11.100" endtime="20220825 12:51:11.143"/>
</kw>
<status status="PASS" starttime="20220825 12:51:11.060" endtime="20220825 12:51:11.143"/>
</kw>
<kw name="Add Task" library="steps">
<kw name="Click Element" library="SeleniumLibrary">
<arg>${ADD TASK BUTTON}</arg>
<doc>Click the element identified by ``locator``.</doc>
<msg timestamp="20220825 12:51:11.144" level="INFO">Clicking element 'xpath=//button[@class='todo-submit']'.</msg>
<status status="PASS" starttime="20220825 12:51:11.144" endtime="20220825 12:51:11.174"/>
</kw>
<status status="PASS" starttime="20220825 12:51:11.144" endtime="20220825 12:51:11.174"/>
</kw>
<status status="PASS" starttime="20220825 12:51:06.410" endtime="20220825 12:51:11.175"/>
</test>
<test id="s1-t2" name="Finishing Task" line="15">
<kw name="Checklist Task" library="steps">
<kw name="Click Element" library="SeleniumLibrary">
<arg>${FINISHING TASK 1}</arg>
<doc>Click the element identified by ``locator``.</doc>
<msg timestamp="20220825 12:51:11.178" level="INFO">Clicking element 'xpath=//label[normalize-space()='open website']//span[@class='custom-checkbox']'.</msg>
<msg timestamp="20220825 12:51:11.675" level="INFO" html="true">&lt;/td&gt;&lt;/tr&gt;&lt;tr&gt;&lt;td colspan="3"&gt;&lt;a href="selenium-screenshot-3.png"&gt;&lt;img src="selenium-screenshot-3.png" width="800px"&gt;&lt;/a&gt;</msg>
<msg timestamp="20220825 12:51:11.676" level="FAIL">Element with locator 'xpath=//label[normalize-space()='open website']//span[@class='custom-checkbox']' not found.</msg>
<status status="FAIL" starttime="20220825 12:51:11.178" endtime="20220825 12:51:11.679"/>
</kw>
<status status="FAIL" starttime="20220825 12:51:11.177" endtime="20220825 12:51:11.680"/>
</kw>
<status status="FAIL" starttime="20220825 12:51:11.176" endtime="20220825 12:51:11.680">Element with locator 'xpath=//label[normalize-space()='open website']//span[@class='custom-checkbox']' not found.</status>
</test>
<test id="s1-t3" name="Deleting Task" line="18">
<kw name="Remove Task" library="steps">
<kw name="Click Element" library="SeleniumLibrary">
<arg>${DELETING TASK 1}</arg>
<doc>Click the element identified by ``locator``.</doc>
<msg timestamp="20220825 12:51:11.682" level="INFO">Clicking element 'xpath=//body//div[@id='root']//div//div[1]//button[1]//*[name()='svg']'.</msg>
<msg timestamp="20220825 12:51:11.931" level="INFO" html="true">&lt;/td&gt;&lt;/tr&gt;&lt;tr&gt;&lt;td colspan="3"&gt;&lt;a href="selenium-screenshot-4.png"&gt;&lt;img src="selenium-screenshot-4.png" width="800px"&gt;&lt;/a&gt;</msg>
<msg timestamp="20220825 12:51:11.932" level="FAIL">Element with locator 'xpath=//body//div[@id='root']//div//div[1]//button[1]//*[name()='svg']' not found.</msg>
<status status="FAIL" starttime="20220825 12:51:11.682" endtime="20220825 12:51:11.932"/>
</kw>
<status status="FAIL" starttime="20220825 12:51:11.682" endtime="20220825 12:51:11.932"/>
</kw>
<status status="FAIL" starttime="20220825 12:51:11.681" endtime="20220825 12:51:11.933">Element with locator 'xpath=//body//div[@id='root']//div//div[1]//button[1]//*[name()='svg']' not found.</status>
</test>
<test id="s1-t4" name="Finishing To Do List" line="21">
<kw name="Type Multiple Tasks" library="steps">
<for flavor="IN RANGE">
<var>${counter}</var>
<value>0</value>
<value>3</value>
<iter>
<var name="${counter}">0</var>
<kw name="Run Keyword If" library="BuiltIn">
<arg>${status}</arg>
<arg>Exit For Loop</arg>
<doc>Runs the given keyword with the given arguments, if ``condition`` is true.</doc>
<msg timestamp="20220825 12:51:11.936" level="FAIL">Variable '${status}' not found.</msg>
<status status="FAIL" starttime="20220825 12:51:11.935" endtime="20220825 12:51:11.936"/>
</kw>
<kw name="Set Variable" library="BuiltIn">
<var>${counter}</var>
<arg>${counter}+1</arg>
<doc>Returns the given values which can then be assigned to a variables.</doc>
<status status="NOT RUN" starttime="20220825 12:51:11.936" endtime="20220825 12:51:11.936"/>
</kw>
<status status="FAIL" starttime="20220825 12:51:11.935" endtime="20220825 12:51:11.936"/>
</iter>
<status status="FAIL" starttime="20220825 12:51:11.935" endtime="20220825 12:51:11.937"/>
</for>
<status status="FAIL" starttime="20220825 12:51:11.934" endtime="20220825 12:51:11.937"/>
</kw>
<kw name="Finishing Multiple Tasks" library="steps">
<status status="NOT RUN" starttime="20220825 12:51:11.937" endtime="20220825 12:51:11.937"/>
</kw>
<kw name="Clear All Completed Tasks" library="steps">
<status status="NOT RUN" starttime="20220825 12:51:11.938" endtime="20220825 12:51:11.938"/>
</kw>
<status status="FAIL" starttime="20220825 12:51:11.934" endtime="20220825 12:51:11.938">Variable '${status}' not found.</status>
</test>
<status status="FAIL" starttime="20220825 12:51:06.143" endtime="20220825 12:51:11.939"/>
</suite>
<statistics>
<total>
<stat pass="1" fail="3" skip="0">All Tests</stat>
</total>
<tag>
</tag>
<suite>
<stat pass="1" fail="3" skip="0" id="s1" name="Scenario">Scenario</stat>
</suite>
</statistics>
<errors>
</errors>
</robot>
