<?xml version="1.0" encoding="UTF-8"?>
<robot generator="Robot 5.0.1 (Python 3.7.0 on win32)" generated="20220825 15:26:37.867" rpa="false" schemaversion="3">
<suite id="s1" name="Scenario" source="E:\Programs\Informatics\Github\robot-automated-todolist\Tests\TestCases\scenario.robot">
<test id="s1-t1" name="Add Task" line="10">
<kw name="Open Todolist" library="steps">
<kw name="Open Browser" library="SeleniumLibrary">
<arg>@{OPERA BROWSER}</arg>
<doc>Opens a new browser instance to the optional ``url``.</doc>
<msg timestamp="20220825 15:26:38.032" level="INFO">Opening browser 'opera' to base url 'https://jennstirpe.github.io/todo-app/'.</msg>
<status status="PASS" starttime="20220825 15:26:38.032" endtime="20220825 15:26:39.521"/>
</kw>
<kw name="Maximize Browser Window" library="SeleniumLibrary">
<doc>Maximizes current browser window.</doc>
<status status="PASS" starttime="20220825 15:26:39.521" endtime="20220825 15:26:39.664"/>
</kw>
<status status="PASS" starttime="20220825 15:26:38.031" endtime="20220825 15:26:39.664"/>
</kw>
<kw name="Type Task" library="steps">
<kw name="Sleep" library="BuiltIn">
<arg>1</arg>
<doc>Pauses the test executed for the given time.</doc>
<msg timestamp="20220825 15:26:40.676" level="INFO">Slept 1 second</msg>
<status status="PASS" starttime="20220825 15:26:39.665" endtime="20220825 15:26:40.676"/>
</kw>
<kw name="Wait Until Element Is Visible" library="SeleniumLibrary">
<arg>${INPUT BOX}</arg>
<doc>Waits until the element ``locator`` is visible.</doc>
<msg timestamp="20220825 15:26:40.922" level="INFO" html="true">&lt;/td&gt;&lt;/tr&gt;&lt;tr&gt;&lt;td colspan="3"&gt;&lt;a href="selenium-screenshot-31.png"&gt;&lt;img src="selenium-screenshot-31.png" width="800px"&gt;&lt;/a&gt;</msg>
<msg timestamp="20220825 15:26:40.922" level="FAIL">AttributeError: 'dict' object has no attribute 'is_displayed'</msg>
<status status="FAIL" starttime="20220825 15:26:40.676" endtime="20220825 15:26:40.923"/>
</kw>
<kw name="Click Element" library="SeleniumLibrary">
<arg>${INPUT BOX}</arg>
<doc>Click the element identified by ``locator``.</doc>
<status status="NOT RUN" starttime="20220825 15:26:40.923" endtime="20220825 15:26:40.923"/>
</kw>
<kw name="Input Text" library="SeleniumLibrary">
<arg>@{INPUT SINGLE TASK}</arg>
<doc>Types the given ``text`` into the text field identified by ``locator``.</doc>
<status status="NOT RUN" starttime="20220825 15:26:40.923" endtime="20220825 15:26:40.923"/>
</kw>
<status status="FAIL" starttime="20220825 15:26:39.665" endtime="20220825 15:26:40.924"/>
</kw>
<kw name="Add Task" library="steps">
<status status="NOT RUN" starttime="20220825 15:26:40.924" endtime="20220825 15:26:40.924"/>
</kw>
<status status="FAIL" starttime="20220825 15:26:38.031" endtime="20220825 15:26:40.924">AttributeError: 'dict' object has no attribute 'is_displayed'</status>
</test>
<test id="s1-t2" name="Finishing Task" line="15">
<kw name="Checklist Task" library="steps">
<kw name="Sleep" library="BuiltIn">
<arg>1</arg>
<doc>Pauses the test executed for the given time.</doc>
<msg timestamp="20220825 15:26:41.926" level="INFO">Slept 1 second</msg>
<status status="PASS" starttime="20220825 15:26:40.926" endtime="20220825 15:26:41.926"/>
</kw>
<kw name="Click Element" library="SeleniumLibrary">
<arg>${FINISHING TASK 1 BUTTON}</arg>
<doc>Click the element identified by ``locator``.</doc>
<msg timestamp="20220825 15:26:41.926" level="INFO">Clicking element 'xpath=//*[@id="root"]/main/div[3]/div[1]/label/input'.</msg>
<msg timestamp="20220825 15:26:42.175" level="INFO" html="true">&lt;/td&gt;&lt;/tr&gt;&lt;tr&gt;&lt;td colspan="3"&gt;&lt;a href="selenium-screenshot-32.png"&gt;&lt;img src="selenium-screenshot-32.png" width="800px"&gt;&lt;/a&gt;</msg>
<msg timestamp="20220825 15:26:42.175" level="FAIL">Element with locator 'xpath=//*[@id="root"]/main/div[3]/div[1]/label/input' not found.</msg>
<status status="FAIL" starttime="20220825 15:26:41.926" endtime="20220825 15:26:42.176"/>
</kw>
<status status="FAIL" starttime="20220825 15:26:40.926" endtime="20220825 15:26:42.177"/>
</kw>
<status status="FAIL" starttime="20220825 15:26:40.925" endtime="20220825 15:26:42.177">Element with locator 'xpath=//*[@id="root"]/main/div[3]/div[1]/label/input' not found.</status>
</test>
<test id="s1-t3" name="Deleting Task" line="18">
<kw name="Remove Task" library="steps">
<kw name="Sleep" library="BuiltIn">
<arg>1</arg>
<doc>Pauses the test executed for the given time.</doc>
<msg timestamp="20220825 15:26:43.193" level="INFO">Slept 1 second</msg>
<status status="PASS" starttime="20220825 15:26:42.179" endtime="20220825 15:26:43.193"/>
</kw>
<kw name="Click Element" library="SeleniumLibrary">
<arg>${DELETING TASK 1 BUTTON}</arg>
<doc>Click the element identified by ``locator``.</doc>
<msg timestamp="20220825 15:26:43.193" level="INFO">Clicking element 'xpath=//body//div[@id='root']//div//div[1]//button[1]//*[name()='svg']'.</msg>
<msg timestamp="20220825 15:26:43.433" level="INFO" html="true">&lt;/td&gt;&lt;/tr&gt;&lt;tr&gt;&lt;td colspan="3"&gt;&lt;a href="selenium-screenshot-33.png"&gt;&lt;img src="selenium-screenshot-33.png" width="800px"&gt;&lt;/a&gt;</msg>
<msg timestamp="20220825 15:26:43.434" level="FAIL">Element with locator 'xpath=//body//div[@id='root']//div//div[1]//button[1]//*[name()='svg']' not found.</msg>
<status status="FAIL" starttime="20220825 15:26:43.193" endtime="20220825 15:26:43.434"/>
</kw>
<status status="FAIL" starttime="20220825 15:26:42.179" endtime="20220825 15:26:43.434"/>
</kw>
<status status="FAIL" starttime="20220825 15:26:42.178" endtime="20220825 15:26:43.435">Element with locator 'xpath=//body//div[@id='root']//div//div[1]//button[1]//*[name()='svg']' not found.</status>
</test>
<test id="s1-t4" name="Finishing To Do List" line="21">
<kw name="Type Multiple Tasks" library="steps">
<kw name="Sleep" library="BuiltIn">
<arg>1</arg>
<doc>Pauses the test executed for the given time.</doc>
<msg timestamp="20220825 15:26:44.440" level="INFO">Slept 1 second</msg>
<status status="PASS" starttime="20220825 15:26:43.436" endtime="20220825 15:26:44.440"/>
</kw>
<for flavor="IN RANGE">
<var>${counter}</var>
<value>0</value>
<value>3</value>
<iter>
<var name="${counter}">0</var>
<kw name="Sleep" library="BuiltIn">
<arg>1</arg>
<doc>Pauses the test executed for the given time.</doc>
<msg timestamp="20220825 15:26:45.445" level="INFO">Slept 1 second</msg>
<status status="PASS" starttime="20220825 15:26:44.440" endtime="20220825 15:26:45.445"/>
</kw>
<kw name="Type Task" library="steps">
<kw name="Sleep" library="BuiltIn">
<arg>1</arg>
<doc>Pauses the test executed for the given time.</doc>
<msg timestamp="20220825 15:26:46.459" level="INFO">Slept 1 second</msg>
<status status="PASS" starttime="20220825 15:26:45.445" endtime="20220825 15:26:46.459"/>
</kw>
<kw name="Wait Until Element Is Visible" library="SeleniumLibrary">
<arg>${INPUT BOX}</arg>
<doc>Waits until the element ``locator`` is visible.</doc>
<msg timestamp="20220825 15:26:46.679" level="INFO" html="true">&lt;/td&gt;&lt;/tr&gt;&lt;tr&gt;&lt;td colspan="3"&gt;&lt;a href="selenium-screenshot-34.png"&gt;&lt;img src="selenium-screenshot-34.png" width="800px"&gt;&lt;/a&gt;</msg>
<msg timestamp="20220825 15:26:46.679" level="FAIL">AttributeError: 'dict' object has no attribute 'is_displayed'</msg>
<status status="FAIL" starttime="20220825 15:26:46.459" endtime="20220825 15:26:46.680"/>
</kw>
<kw name="Click Element" library="SeleniumLibrary">
<arg>${INPUT BOX}</arg>
<doc>Click the element identified by ``locator``.</doc>
<status status="NOT RUN" starttime="20220825 15:26:46.680" endtime="20220825 15:26:46.680"/>
</kw>
<kw name="Input Text" library="SeleniumLibrary">
<arg>@{INPUT SINGLE TASK}</arg>
<doc>Types the given ``text`` into the text field identified by ``locator``.</doc>
<status status="NOT RUN" starttime="20220825 15:26:46.680" endtime="20220825 15:26:46.680"/>
</kw>
<status status="FAIL" starttime="20220825 15:26:45.445" endtime="20220825 15:26:46.681"/>
</kw>
<kw name="Sleep" library="BuiltIn">
<arg>1</arg>
<doc>Pauses the test executed for the given time.</doc>
<status status="NOT RUN" starttime="20220825 15:26:46.681" endtime="20220825 15:26:46.681"/>
</kw>
<kw name="Add Task" library="steps">
<status status="NOT RUN" starttime="20220825 15:26:46.681" endtime="20220825 15:26:46.681"/>
</kw>
<kw name="Set Variable" library="BuiltIn">
<var>${counter}</var>
<arg>${counter}+1</arg>
<doc>Returns the given values which can then be assigned to a variables.</doc>
<status status="NOT RUN" starttime="20220825 15:26:46.681" endtime="20220825 15:26:46.681"/>
</kw>
<status status="FAIL" starttime="20220825 15:26:44.440" endtime="20220825 15:26:46.681"/>
</iter>
<status status="FAIL" starttime="20220825 15:26:44.440" endtime="20220825 15:26:46.681"/>
</for>
<status status="FAIL" starttime="20220825 15:26:43.436" endtime="20220825 15:26:46.682"/>
</kw>
<kw name="Finishing Multiple Tasks" library="steps">
<status status="NOT RUN" starttime="20220825 15:26:46.682" endtime="20220825 15:26:46.682"/>
</kw>
<status status="FAIL" starttime="20220825 15:26:43.436" endtime="20220825 15:26:46.682">AttributeError: 'dict' object has no attribute 'is_displayed'</status>
</test>
<test id="s1-t5" name="Close To Do List" line="25">
<kw name="Close Website" library="steps">
<kw name="Close Browser" library="SeleniumLibrary">
<doc>Closes the current browser.</doc>
<status status="PASS" starttime="20220825 15:26:46.684" endtime="20220825 15:26:48.856"/>
</kw>
<status status="PASS" starttime="20220825 15:26:46.684" endtime="20220825 15:26:48.856"/>
</kw>
<status status="PASS" starttime="20220825 15:26:46.683" endtime="20220825 15:26:48.856"/>
</test>
<status status="FAIL" starttime="20220825 15:26:37.868" endtime="20220825 15:26:48.857"/>
</suite>
<statistics>
<total>
<stat pass="1" fail="4" skip="0">All Tests</stat>
</total>
<tag>
</tag>
<suite>
<stat pass="1" fail="4" skip="0" id="s1" name="Scenario">Scenario</stat>
</suite>
</statistics>
<errors>
</errors>
</robot>
